<?xml version="1.0" encoding="UTF-8"?>
<testsuite name="com.sp.fc.web.test.PaperTest" tests="1" skipped="0" failures="0" errors="0" timestamp="2021-08-17T22:11:31" hostname="DESKTOP-4730154" time="1.738">
  <properties/>
  <testcase name="6. 사용자 user1이 임시로 교장선생님 권한을 맡아서 시험지를 가져온다." classname="com.sp.fc.web.test.PaperTest" time="1.738"/>
  <system-out><![CDATA[07:11:26.161 [Test worker] DEBUG org.springframework.test.context.BootstrapUtils - Instantiating CacheAwareContextLoaderDelegate from class [org.springframework.test.context.cache.DefaultCacheAwareContextLoaderDelegate]
07:11:26.176 [Test worker] DEBUG org.springframework.test.context.BootstrapUtils - Instantiating BootstrapContext using constructor [public org.springframework.test.context.support.DefaultBootstrapContext(java.lang.Class,org.springframework.test.context.CacheAwareContextLoaderDelegate)]
07:11:26.218 [Test worker] DEBUG org.springframework.test.context.BootstrapUtils - Instantiating TestContextBootstrapper for test class [com.sp.fc.web.test.PaperTest] from class [org.springframework.boot.test.context.SpringBootTestContextBootstrapper]
07:11:26.230 [Test worker] INFO org.springframework.boot.test.context.SpringBootTestContextBootstrapper - Neither @ContextConfiguration nor @ContextHierarchy found for test class [com.sp.fc.web.test.PaperTest], using SpringBootContextLoader
07:11:26.235 [Test worker] DEBUG org.springframework.test.context.support.AbstractContextLoader - Did not detect default resource location for test class [com.sp.fc.web.test.PaperTest]: class path resource [com/sp/fc/web/test/PaperTest-context.xml] does not exist
07:11:26.236 [Test worker] DEBUG org.springframework.test.context.support.AbstractContextLoader - Did not detect default resource location for test class [com.sp.fc.web.test.PaperTest]: class path resource [com/sp/fc/web/test/PaperTestContext.groovy] does not exist
07:11:26.236 [Test worker] INFO org.springframework.test.context.support.AbstractContextLoader - Could not detect default resource locations for test class [com.sp.fc.web.test.PaperTest]: no resource found for suffixes {-context.xml, Context.groovy}.
07:11:26.238 [Test worker] INFO org.springframework.test.context.support.AnnotationConfigContextLoaderUtils - Could not detect default configuration classes for test class [com.sp.fc.web.test.PaperTest]: PaperTest does not declare any static, non-private, non-final, nested classes annotated with @Configuration.
07:11:26.293 [Test worker] DEBUG org.springframework.test.context.support.ActiveProfilesUtils - Could not find an 'annotation declaring class' for annotation type [org.springframework.test.context.ActiveProfiles] and class [com.sp.fc.web.test.PaperTest]
07:11:26.383 [Test worker] DEBUG org.springframework.context.annotation.ClassPathScanningCandidateComponentProvider - Identified candidate component class: file [D:\6161990src\SpringBoot-Practice\Spring Security\Security 4\server\authority-test\build\classes\java\main\com\sp\fc\web\AuthorityTestApplication.class]
07:11:26.390 [Test worker] INFO org.springframework.boot.test.context.SpringBootTestContextBootstrapper - Found @SpringBootConfiguration com.sp.fc.web.AuthorityTestApplication for test class com.sp.fc.web.test.PaperTest
07:11:26.574 [Test worker] DEBUG org.springframework.boot.test.context.SpringBootTestContextBootstrapper - @TestExecutionListeners is not present for class [com.sp.fc.web.test.PaperTest]: using defaults.
07:11:26.575 [Test worker] INFO org.springframework.boot.test.context.SpringBootTestContextBootstrapper - Loaded default TestExecutionListener class names from location [META-INF/spring.factories]: [org.springframework.boot.test.autoconfigure.restdocs.RestDocsTestExecutionListener, org.springframework.boot.test.autoconfigure.web.client.MockRestServiceServerResetTestExecutionListener, org.springframework.boot.test.autoconfigure.web.servlet.MockMvcPrintOnlyOnFailureTestExecutionListener, org.springframework.boot.test.autoconfigure.web.servlet.WebDriverTestExecutionListener, org.springframework.boot.test.autoconfigure.webservices.client.MockWebServiceServerTestExecutionListener, org.springframework.boot.test.mock.mockito.MockitoTestExecutionListener, org.springframework.boot.test.mock.mockito.ResetMocksTestExecutionListener, org.springframework.test.context.web.ServletTestExecutionListener, org.springframework.test.context.support.DirtiesContextBeforeModesTestExecutionListener, org.springframework.test.context.support.DependencyInjectionTestExecutionListener, org.springframework.test.context.support.DirtiesContextTestExecutionListener, org.springframework.test.context.transaction.TransactionalTestExecutionListener, org.springframework.test.context.jdbc.SqlScriptsTestExecutionListener, org.springframework.test.context.event.EventPublishingTestExecutionListener]
07:11:26.591 [Test worker] DEBUG org.springframework.boot.test.context.SpringBootTestContextBootstrapper - Skipping candidate TestExecutionListener [org.springframework.test.context.transaction.TransactionalTestExecutionListener] due to a missing dependency. Specify custom listener classes or make the default listener classes and their required dependencies available. Offending class: [org/springframework/transaction/interceptor/TransactionAttributeSource]
07:11:26.592 [Test worker] DEBUG org.springframework.boot.test.context.SpringBootTestContextBootstrapper - Skipping candidate TestExecutionListener [org.springframework.test.context.jdbc.SqlScriptsTestExecutionListener] due to a missing dependency. Specify custom listener classes or make the default listener classes and their required dependencies available. Offending class: [org/springframework/transaction/interceptor/TransactionAttribute]
07:11:26.593 [Test worker] INFO org.springframework.boot.test.context.SpringBootTestContextBootstrapper - Using TestExecutionListeners: [org.springframework.test.context.web.ServletTestExecutionListener@23ca9f4, org.springframework.test.context.support.DirtiesContextBeforeModesTestExecutionListener@3d92366f, org.springframework.boot.test.mock.mockito.MockitoTestExecutionListener@41e8c024, org.springframework.boot.test.autoconfigure.SpringBootDependencyInjectionTestExecutionListener@3abd35c, org.springframework.test.context.support.DirtiesContextTestExecutionListener@643fb9d4, org.springframework.test.context.event.EventPublishingTestExecutionListener@48b2da72, org.springframework.boot.test.autoconfigure.restdocs.RestDocsTestExecutionListener@4f5ccaa0, org.springframework.boot.test.autoconfigure.web.client.MockRestServiceServerResetTestExecutionListener@12b0d124, org.springframework.boot.test.autoconfigure.web.servlet.MockMvcPrintOnlyOnFailureTestExecutionListener@bd83bbf, org.springframework.boot.test.autoconfigure.web.servlet.WebDriverTestExecutionListener@55e701fc, org.springframework.boot.test.autoconfigure.webservices.client.MockWebServiceServerTestExecutionListener@7cc7d82a, org.springframework.boot.test.mock.mockito.ResetMocksTestExecutionListener@686a0f67]
07:11:26.599 [Test worker] DEBUG org.springframework.test.context.support.AbstractDirtiesContextTestExecutionListener - Before test class: context [DefaultTestContext@6b771fac testClass = PaperTest, testInstance = [null], testMethod = [null], testException = [null], mergedContextConfiguration = [WebMergedContextConfiguration@62d87c41 testClass = PaperTest, locations = '{}', classes = '{class com.sp.fc.web.AuthorityTestApplication}', contextInitializerClasses = '[]', activeProfiles = '{}', propertySourceLocations = '{}', propertySourceProperties = '{org.springframework.boot.test.context.SpringBootTestContextBootstrapper=true, server.port=0}', contextCustomizers = set[org.springframework.boot.test.autoconfigure.actuate.metrics.MetricsExportContextCustomizerFactory$DisableMetricExportContextCustomizer@247bf6de, org.springframework.boot.test.autoconfigure.properties.PropertyMappingContextCustomizer@0, org.springframework.boot.test.autoconfigure.web.servlet.WebDriverContextCustomizerFactory$Customizer@4bc49838, org.springframework.boot.test.context.filter.ExcludeFilterContextCustomizer@31bf9ed3, org.springframework.boot.test.json.DuplicateJsonObjectContextCustomizerFactory$DuplicateJsonObjectContextCustomizer@5b3201ef, org.springframework.boot.test.mock.mockito.MockitoContextCustomizer@0, org.springframework.boot.test.web.client.TestRestTemplateContextCustomizer@70b09fca, org.springframework.boot.test.context.SpringBootTestArgs@1, org.springframework.boot.test.context.SpringBootTestWebEnvironment@2ca2eac2], resourceBasePath = 'src/main/webapp', contextLoader = 'org.springframework.boot.test.context.SpringBootContextLoader', parent = [null]], attributes = map['org.springframework.test.context.web.ServletTestExecutionListener.activateListener' -> false]], class annotated with @DirtiesContext [false] with mode [null].
07:11:26.951 [Test worker] DEBUG org.springframework.test.context.support.DependencyInjectionTestExecutionListener - Performing dependency injection for test context [[DefaultTestContext@6b771fac testClass = PaperTest, testInstance = com.sp.fc.web.test.PaperTest@632ea614, testMethod = [null], testException = [null], mergedContextConfiguration = [WebMergedContextConfiguration@62d87c41 testClass = PaperTest, locations = '{}', classes = '{class com.sp.fc.web.AuthorityTestApplication}', contextInitializerClasses = '[]', activeProfiles = '{}', propertySourceLocations = '{}', propertySourceProperties = '{org.springframework.boot.test.context.SpringBootTestContextBootstrapper=true, server.port=0}', contextCustomizers = set[org.springframework.boot.test.autoconfigure.actuate.metrics.MetricsExportContextCustomizerFactory$DisableMetricExportContextCustomizer@247bf6de, org.springframework.boot.test.autoconfigure.properties.PropertyMappingContextCustomizer@0, org.springframework.boot.test.autoconfigure.web.servlet.WebDriverContextCustomizerFactory$Customizer@4bc49838, org.springframework.boot.test.context.filter.ExcludeFilterContextCustomizer@31bf9ed3, org.springframework.boot.test.json.DuplicateJsonObjectContextCustomizerFactory$DuplicateJsonObjectContextCustomizer@5b3201ef, org.springframework.boot.test.mock.mockito.MockitoContextCustomizer@0, org.springframework.boot.test.web.client.TestRestTemplateContextCustomizer@70b09fca, org.springframework.boot.test.context.SpringBootTestArgs@1, org.springframework.boot.test.context.SpringBootTestWebEnvironment@2ca2eac2], resourceBasePath = 'src/main/webapp', contextLoader = 'org.springframework.boot.test.context.SpringBootContextLoader', parent = [null]], attributes = map['org.springframework.test.context.web.ServletTestExecutionListener.activateListener' -> false]]].
07:11:26.975 [Test worker] DEBUG org.springframework.test.context.support.TestPropertySourceUtils - Adding inlined properties to environment: {spring.jmx.enabled=false, org.springframework.boot.test.context.SpringBootTestContextBootstrapper=true, server.port=0}

  .   ____          _            __ _ _
 /\\ / ___'_ __ _ _(_)_ __  __ _ \ \ \ \
( ( )\___ | '_ | '_| | '_ \/ _` | \ \ \ \
 \\/  ___)| |_)| | | | | || (_| |  ) ) ) )
  '  |____| .__|_| |_|_| |_\__, | / / / /
 =========|_|==============|___/=/_/_/_/
 :: Spring Boot ::                (v2.4.1)

2021-08-18 07:11:27.388  INFO 25644 --- [    Test worker] com.sp.fc.web.test.PaperTest             : Starting PaperTest using Java 15.0.2 on DESKTOP-4730154 with PID 25644 (started by ubunt in D:\6161990src\SpringBoot-Practice\Spring Security\Security 4\server\authority-test)
2021-08-18 07:11:27.391  INFO 25644 --- [    Test worker] com.sp.fc.web.test.PaperTest             : No active profile set, falling back to default profiles: default
2021-08-18 07:11:29.145  INFO 25644 --- [    Test worker] o.s.b.w.embedded.tomcat.TomcatWebServer  : Tomcat initialized with port(s): 0 (http)
2021-08-18 07:11:29.166  INFO 25644 --- [    Test worker] o.apache.catalina.core.StandardService   : Starting service [Tomcat]
2021-08-18 07:11:29.167  INFO 25644 --- [    Test worker] org.apache.catalina.core.StandardEngine  : Starting Servlet engine: [Apache Tomcat/9.0.41]
2021-08-18 07:11:29.333  INFO 25644 --- [    Test worker] o.a.c.c.C.[Tomcat].[localhost].[/]       : Initializing Spring embedded WebApplicationContext
2021-08-18 07:11:29.333  INFO 25644 --- [    Test worker] w.s.c.ServletWebServerApplicationContext : Root WebApplicationContext: initialization completed in 1917 ms
2021-08-18 07:11:29.910  WARN 25644 --- [    Test worker] o.s.security.core.userdetails.User       : User.withDefaultPasswordEncoder() is considered unsafe for production and is only intended for sample applications.
2021-08-18 07:11:30.038  WARN 25644 --- [    Test worker] o.s.security.core.userdetails.User       : User.withDefaultPasswordEncoder() is considered unsafe for production and is only intended for sample applications.
2021-08-18 07:11:30.135  WARN 25644 --- [    Test worker] o.s.security.core.userdetails.User       : User.withDefaultPasswordEncoder() is considered unsafe for production and is only intended for sample applications.
2021-08-18 07:11:30.240  WARN 25644 --- [    Test worker] o.s.security.core.userdetails.User       : User.withDefaultPasswordEncoder() is considered unsafe for production and is only intended for sample applications.
2021-08-18 07:11:31.266  INFO 25644 --- [    Test worker] o.s.s.web.DefaultSecurityFilterChain     : Will secure any request with [org.springframework.security.web.context.request.async.WebAsyncManagerIntegrationFilter@7ac94819, org.springframework.security.web.context.SecurityContextPersistenceFilter@6a8881c8, org.springframework.security.web.header.HeaderWriterFilter@130f713a, org.springframework.security.web.authentication.logout.LogoutFilter@5f88ec36, org.springframework.security.web.authentication.www.BasicAuthenticationFilter@bf9f9d1, org.springframework.security.web.savedrequest.RequestCacheAwareFilter@7da6d2f0, org.springframework.security.web.servletapi.SecurityContextHolderAwareRequestFilter@39762195, org.springframework.security.web.authentication.AnonymousAuthenticationFilter@628ae2ec, org.springframework.security.web.session.SessionManagementFilter@49d3b279, org.springframework.security.web.access.ExceptionTranslationFilter@5f357a30, org.springframework.security.web.access.intercept.FilterSecurityInterceptor@3cb013]
2021-08-18 07:11:31.375  INFO 25644 --- [    Test worker] o.s.s.concurrent.ThreadPoolTaskExecutor  : Initializing ExecutorService 'applicationTaskExecutor'
2021-08-18 07:11:31.619  INFO 25644 --- [    Test worker] .s.s.UserDetailsServiceAutoConfiguration : 

Using generated security password: 2d05cec2-a90d-4d72-932d-075a570be417

2021-08-18 07:11:31.654  INFO 25644 --- [    Test worker] o.s.b.w.embedded.tomcat.TomcatWebServer  : Tomcat started on port(s): 1993 (http) with context path ''
2021-08-18 07:11:31.672  INFO 25644 --- [    Test worker] com.sp.fc.web.test.PaperTest             : Started PaperTest in 4.693 seconds (JVM running for 6.723)
2021-08-18 07:11:32.822  INFO 25644 --- [o-auto-1-exec-1] o.a.c.c.C.[Tomcat].[localhost].[/]       : Initializing Spring DispatcherServlet 'dispatcherServlet'
2021-08-18 07:11:32.823  INFO 25644 --- [o-auto-1-exec-1] o.s.web.servlet.DispatcherServlet        : Initializing Servlet 'dispatcherServlet'
2021-08-18 07:11:32.824  INFO 25644 --- [o-auto-1-exec-1] o.s.web.servlet.DispatcherServlet        : Completed initialization in 1 ms
2021-08-18 07:11:33.259  WARN 25644 --- [o-auto-1-exec-1] o.a.c.util.SessionIdGeneratorBase        : Creation of SecureRandom instance for session ID generation using [SHA1PRNG] took [174] milliseconds.
[Paper(paperId=1, title=시험지1, tutorId=tutor1, studentIds=[user1], state=PREPARE), Paper(paperId=2, title=시험지2, tutorId=tutor1, studentIds=[user2], state=READY), Paper(paperId=3, title=시험지3, tutorId=tutor1, studentIds=[user1], state=READY)]
]]></system-out>
  <system-err><![CDATA[]]></system-err>
</testsuite>
