<?xml version="1.0" encoding="UTF-8"?>
<testsuite name="com.sp.fc.web.test.PaperTest" tests="1" skipped="0" failures="0" errors="0" timestamp="2021-08-17T09:28:10" hostname="DESKTOP-4730154" time="1.604">
  <properties/>
  <testcase name="5. 교장선생님은 모든 시험지를 볼 수 있다." classname="com.sp.fc.web.test.PaperTest" time="1.604"/>
  <system-out><![CDATA[18:28:05.028 [Test worker] DEBUG org.springframework.test.context.BootstrapUtils - Instantiating CacheAwareContextLoaderDelegate from class [org.springframework.test.context.cache.DefaultCacheAwareContextLoaderDelegate]
18:28:05.044 [Test worker] DEBUG org.springframework.test.context.BootstrapUtils - Instantiating BootstrapContext using constructor [public org.springframework.test.context.support.DefaultBootstrapContext(java.lang.Class,org.springframework.test.context.CacheAwareContextLoaderDelegate)]
18:28:05.085 [Test worker] DEBUG org.springframework.test.context.BootstrapUtils - Instantiating TestContextBootstrapper for test class [com.sp.fc.web.test.PaperTest] from class [org.springframework.boot.test.context.SpringBootTestContextBootstrapper]
18:28:05.096 [Test worker] INFO org.springframework.boot.test.context.SpringBootTestContextBootstrapper - Neither @ContextConfiguration nor @ContextHierarchy found for test class [com.sp.fc.web.test.PaperTest], using SpringBootContextLoader
18:28:05.100 [Test worker] DEBUG org.springframework.test.context.support.AbstractContextLoader - Did not detect default resource location for test class [com.sp.fc.web.test.PaperTest]: class path resource [com/sp/fc/web/test/PaperTest-context.xml] does not exist
18:28:05.102 [Test worker] DEBUG org.springframework.test.context.support.AbstractContextLoader - Did not detect default resource location for test class [com.sp.fc.web.test.PaperTest]: class path resource [com/sp/fc/web/test/PaperTestContext.groovy] does not exist
18:28:05.102 [Test worker] INFO org.springframework.test.context.support.AbstractContextLoader - Could not detect default resource locations for test class [com.sp.fc.web.test.PaperTest]: no resource found for suffixes {-context.xml, Context.groovy}.
18:28:05.103 [Test worker] INFO org.springframework.test.context.support.AnnotationConfigContextLoaderUtils - Could not detect default configuration classes for test class [com.sp.fc.web.test.PaperTest]: PaperTest does not declare any static, non-private, non-final, nested classes annotated with @Configuration.
18:28:05.153 [Test worker] DEBUG org.springframework.test.context.support.ActiveProfilesUtils - Could not find an 'annotation declaring class' for annotation type [org.springframework.test.context.ActiveProfiles] and class [com.sp.fc.web.test.PaperTest]
18:28:05.246 [Test worker] DEBUG org.springframework.context.annotation.ClassPathScanningCandidateComponentProvider - Identified candidate component class: file [D:\6161990src\SpringBoot-Practice\Spring Security\Security 4\server\authority-test\build\classes\java\main\com\sp\fc\web\AuthorityTestApplication.class]
18:28:05.249 [Test worker] INFO org.springframework.boot.test.context.SpringBootTestContextBootstrapper - Found @SpringBootConfiguration com.sp.fc.web.AuthorityTestApplication for test class com.sp.fc.web.test.PaperTest
18:28:05.406 [Test worker] DEBUG org.springframework.boot.test.context.SpringBootTestContextBootstrapper - @TestExecutionListeners is not present for class [com.sp.fc.web.test.PaperTest]: using defaults.
18:28:05.407 [Test worker] INFO org.springframework.boot.test.context.SpringBootTestContextBootstrapper - Loaded default TestExecutionListener class names from location [META-INF/spring.factories]: [org.springframework.boot.test.autoconfigure.restdocs.RestDocsTestExecutionListener, org.springframework.boot.test.autoconfigure.web.client.MockRestServiceServerResetTestExecutionListener, org.springframework.boot.test.autoconfigure.web.servlet.MockMvcPrintOnlyOnFailureTestExecutionListener, org.springframework.boot.test.autoconfigure.web.servlet.WebDriverTestExecutionListener, org.springframework.boot.test.autoconfigure.webservices.client.MockWebServiceServerTestExecutionListener, org.springframework.boot.test.mock.mockito.MockitoTestExecutionListener, org.springframework.boot.test.mock.mockito.ResetMocksTestExecutionListener, org.springframework.test.context.web.ServletTestExecutionListener, org.springframework.test.context.support.DirtiesContextBeforeModesTestExecutionListener, org.springframework.test.context.support.DependencyInjectionTestExecutionListener, org.springframework.test.context.support.DirtiesContextTestExecutionListener, org.springframework.test.context.transaction.TransactionalTestExecutionListener, org.springframework.test.context.jdbc.SqlScriptsTestExecutionListener, org.springframework.test.context.event.EventPublishingTestExecutionListener]
18:28:05.426 [Test worker] DEBUG org.springframework.boot.test.context.SpringBootTestContextBootstrapper - Skipping candidate TestExecutionListener [org.springframework.test.context.transaction.TransactionalTestExecutionListener] due to a missing dependency. Specify custom listener classes or make the default listener classes and their required dependencies available. Offending class: [org/springframework/transaction/interceptor/TransactionAttributeSource]
18:28:05.427 [Test worker] DEBUG org.springframework.boot.test.context.SpringBootTestContextBootstrapper - Skipping candidate TestExecutionListener [org.springframework.test.context.jdbc.SqlScriptsTestExecutionListener] due to a missing dependency. Specify custom listener classes or make the default listener classes and their required dependencies available. Offending class: [org/springframework/transaction/interceptor/TransactionAttribute]
18:28:05.427 [Test worker] INFO org.springframework.boot.test.context.SpringBootTestContextBootstrapper - Using TestExecutionListeners: [org.springframework.test.context.web.ServletTestExecutionListener@6e5f87a4, org.springframework.test.context.support.DirtiesContextBeforeModesTestExecutionListener@5b97ac1c, org.springframework.boot.test.mock.mockito.MockitoTestExecutionListener@2b296d21, org.springframework.boot.test.autoconfigure.SpringBootDependencyInjectionTestExecutionListener@72d41532, org.springframework.test.context.support.DirtiesContextTestExecutionListener@60a4de6b, org.springframework.test.context.event.EventPublishingTestExecutionListener@6b5692f, org.springframework.boot.test.autoconfigure.restdocs.RestDocsTestExecutionListener@66155cbd, org.springframework.boot.test.autoconfigure.web.client.MockRestServiceServerResetTestExecutionListener@34baa8c8, org.springframework.boot.test.autoconfigure.web.servlet.MockMvcPrintOnlyOnFailureTestExecutionListener@72ab6fb2, org.springframework.boot.test.autoconfigure.web.servlet.WebDriverTestExecutionListener@5f7a9cd9, org.springframework.boot.test.autoconfigure.webservices.client.MockWebServiceServerTestExecutionListener@1346c33f, org.springframework.boot.test.mock.mockito.ResetMocksTestExecutionListener@72dbd577]
18:28:05.434 [Test worker] DEBUG org.springframework.test.context.support.AbstractDirtiesContextTestExecutionListener - Before test class: context [DefaultTestContext@b8b587d testClass = PaperTest, testInstance = [null], testMethod = [null], testException = [null], mergedContextConfiguration = [WebMergedContextConfiguration@43be790f testClass = PaperTest, locations = '{}', classes = '{class com.sp.fc.web.AuthorityTestApplication}', contextInitializerClasses = '[]', activeProfiles = '{}', propertySourceLocations = '{}', propertySourceProperties = '{org.springframework.boot.test.context.SpringBootTestContextBootstrapper=true, server.port=0}', contextCustomizers = set[org.springframework.boot.test.autoconfigure.actuate.metrics.MetricsExportContextCustomizerFactory$DisableMetricExportContextCustomizer@1d837d1b, org.springframework.boot.test.autoconfigure.properties.PropertyMappingContextCustomizer@0, org.springframework.boot.test.autoconfigure.web.servlet.WebDriverContextCustomizerFactory$Customizer@16abb2f4, org.springframework.boot.test.context.filter.ExcludeFilterContextCustomizer@7b7dfaad, org.springframework.boot.test.json.DuplicateJsonObjectContextCustomizerFactory$DuplicateJsonObjectContextCustomizer@1802453d, org.springframework.boot.test.mock.mockito.MockitoContextCustomizer@0, org.springframework.boot.test.web.client.TestRestTemplateContextCustomizer@5ef1ed97, org.springframework.boot.test.context.SpringBootTestArgs@1, org.springframework.boot.test.context.SpringBootTestWebEnvironment@63e7d222], resourceBasePath = 'src/main/webapp', contextLoader = 'org.springframework.boot.test.context.SpringBootContextLoader', parent = [null]], attributes = map['org.springframework.test.context.web.ServletTestExecutionListener.activateListener' -> false]], class annotated with @DirtiesContext [false] with mode [null].
18:28:05.777 [Test worker] DEBUG org.springframework.test.context.support.DependencyInjectionTestExecutionListener - Performing dependency injection for test context [[DefaultTestContext@b8b587d testClass = PaperTest, testInstance = com.sp.fc.web.test.PaperTest@203bce4c, testMethod = [null], testException = [null], mergedContextConfiguration = [WebMergedContextConfiguration@43be790f testClass = PaperTest, locations = '{}', classes = '{class com.sp.fc.web.AuthorityTestApplication}', contextInitializerClasses = '[]', activeProfiles = '{}', propertySourceLocations = '{}', propertySourceProperties = '{org.springframework.boot.test.context.SpringBootTestContextBootstrapper=true, server.port=0}', contextCustomizers = set[org.springframework.boot.test.autoconfigure.actuate.metrics.MetricsExportContextCustomizerFactory$DisableMetricExportContextCustomizer@1d837d1b, org.springframework.boot.test.autoconfigure.properties.PropertyMappingContextCustomizer@0, org.springframework.boot.test.autoconfigure.web.servlet.WebDriverContextCustomizerFactory$Customizer@16abb2f4, org.springframework.boot.test.context.filter.ExcludeFilterContextCustomizer@7b7dfaad, org.springframework.boot.test.json.DuplicateJsonObjectContextCustomizerFactory$DuplicateJsonObjectContextCustomizer@1802453d, org.springframework.boot.test.mock.mockito.MockitoContextCustomizer@0, org.springframework.boot.test.web.client.TestRestTemplateContextCustomizer@5ef1ed97, org.springframework.boot.test.context.SpringBootTestArgs@1, org.springframework.boot.test.context.SpringBootTestWebEnvironment@63e7d222], resourceBasePath = 'src/main/webapp', contextLoader = 'org.springframework.boot.test.context.SpringBootContextLoader', parent = [null]], attributes = map['org.springframework.test.context.web.ServletTestExecutionListener.activateListener' -> false]]].
18:28:05.803 [Test worker] DEBUG org.springframework.test.context.support.TestPropertySourceUtils - Adding inlined properties to environment: {spring.jmx.enabled=false, org.springframework.boot.test.context.SpringBootTestContextBootstrapper=true, server.port=0}

  .   ____          _            __ _ _
 /\\ / ___'_ __ _ _(_)_ __  __ _ \ \ \ \
( ( )\___ | '_ | '_| | '_ \/ _` | \ \ \ \
 \\/  ___)| |_)| | | | | || (_| |  ) ) ) )
  '  |____| .__|_| |_|_| |_\__, | / / / /
 =========|_|==============|___/=/_/_/_/
 :: Spring Boot ::                (v2.4.1)

2021-08-17 18:28:06.213  INFO 22940 --- [    Test worker] com.sp.fc.web.test.PaperTest             : Starting PaperTest using Java 15.0.2 on DESKTOP-4730154 with PID 22940 (started by ubunt in D:\6161990src\SpringBoot-Practice\Spring Security\Security 4\server\authority-test)
2021-08-17 18:28:06.216  INFO 22940 --- [    Test worker] com.sp.fc.web.test.PaperTest             : No active profile set, falling back to default profiles: default
2021-08-17 18:28:08.015  INFO 22940 --- [    Test worker] o.s.b.w.embedded.tomcat.TomcatWebServer  : Tomcat initialized with port(s): 0 (http)
2021-08-17 18:28:08.048  INFO 22940 --- [    Test worker] o.apache.catalina.core.StandardService   : Starting service [Tomcat]
2021-08-17 18:28:08.048  INFO 22940 --- [    Test worker] org.apache.catalina.core.StandardEngine  : Starting Servlet engine: [Apache Tomcat/9.0.41]
2021-08-17 18:28:08.262  INFO 22940 --- [    Test worker] o.a.c.c.C.[Tomcat].[localhost].[/]       : Initializing Spring embedded WebApplicationContext
2021-08-17 18:28:08.263  INFO 22940 --- [    Test worker] w.s.c.ServletWebServerApplicationContext : Root WebApplicationContext: initialization completed in 2021 ms
2021-08-17 18:28:09.098  WARN 22940 --- [    Test worker] o.s.security.core.userdetails.User       : User.withDefaultPasswordEncoder() is considered unsafe for production and is only intended for sample applications.
2021-08-17 18:28:09.270  WARN 22940 --- [    Test worker] o.s.security.core.userdetails.User       : User.withDefaultPasswordEncoder() is considered unsafe for production and is only intended for sample applications.
2021-08-17 18:28:09.385  WARN 22940 --- [    Test worker] o.s.security.core.userdetails.User       : User.withDefaultPasswordEncoder() is considered unsafe for production and is only intended for sample applications.
2021-08-17 18:28:09.493  WARN 22940 --- [    Test worker] o.s.security.core.userdetails.User       : User.withDefaultPasswordEncoder() is considered unsafe for production and is only intended for sample applications.
2021-08-17 18:28:10.374  INFO 22940 --- [    Test worker] o.s.s.web.DefaultSecurityFilterChain     : Will secure any request with [org.springframework.security.web.context.request.async.WebAsyncManagerIntegrationFilter@5ae725a8, org.springframework.security.web.context.SecurityContextPersistenceFilter@420b5237, org.springframework.security.web.header.HeaderWriterFilter@27dc27, org.springframework.security.web.authentication.logout.LogoutFilter@81ee516, org.springframework.security.web.authentication.www.BasicAuthenticationFilter@58fa1c9a, org.springframework.security.web.savedrequest.RequestCacheAwareFilter@7fc2cdac, org.springframework.security.web.servletapi.SecurityContextHolderAwareRequestFilter@5260575b, org.springframework.security.web.authentication.AnonymousAuthenticationFilter@1af6a888, org.springframework.security.web.session.SessionManagementFilter@2ba5aca3, org.springframework.security.web.access.ExceptionTranslationFilter@152a248a, org.springframework.security.web.access.intercept.FilterSecurityInterceptor@2f3f5484]
2021-08-17 18:28:10.499  INFO 22940 --- [    Test worker] o.s.s.concurrent.ThreadPoolTaskExecutor  : Initializing ExecutorService 'applicationTaskExecutor'
2021-08-17 18:28:10.767  INFO 22940 --- [    Test worker] .s.s.UserDetailsServiceAutoConfiguration : 

Using generated security password: 5b8599da-196c-484e-8d91-ccb056cfdcfe

2021-08-17 18:28:10.798  INFO 22940 --- [    Test worker] o.s.b.w.embedded.tomcat.TomcatWebServer  : Tomcat started on port(s): 10717 (http) with context path ''
2021-08-17 18:28:10.812  INFO 22940 --- [    Test worker] com.sp.fc.web.test.PaperTest             : Started PaperTest in 5.004 seconds (JVM running for 7.153)
2021-08-17 18:28:11.778  INFO 22940 --- [o-auto-1-exec-1] o.a.c.c.C.[Tomcat].[localhost].[/]       : Initializing Spring DispatcherServlet 'dispatcherServlet'
2021-08-17 18:28:11.779  INFO 22940 --- [o-auto-1-exec-1] o.s.web.servlet.DispatcherServlet        : Initializing Servlet 'dispatcherServlet'
2021-08-17 18:28:11.784  INFO 22940 --- [o-auto-1-exec-1] o.s.web.servlet.DispatcherServlet        : Completed initialization in 4 ms
2021-08-17 18:28:12.273  WARN 22940 --- [o-auto-1-exec-1] o.a.c.util.SessionIdGeneratorBase        : Creation of SecureRandom instance for session ID generation using [SHA1PRNG] took [195] milliseconds.
[Paper(paperId=1, title=시험지1, tutorId=tutor1, studentIds=[user1], state=PREPARE), Paper(paperId=2, title=시험지2, tutorId=tutor1, studentIds=[user2], state=READY), Paper(paperId=3, title=시험지3, tutorId=tutor1, studentIds=[user1], state=READY)]
]]></system-out>
  <system-err><![CDATA[]]></system-err>
</testsuite>
