<?xml version="1.0" encoding="UTF-8"?>
<testsuite name="DollarCalculatorTest" tests="1" skipped="0" failures="0" errors="0" timestamp="2021-06-24T00:44:14" hostname="DESKTOP-4730154" time="1.001">
  <properties/>
  <testcase name="mockTest()" classname="DollarCalculatorTest" time="1.001"/>
  <system-out><![CDATA[60000
]]></system-out>
  <system-err><![CDATA[]]></system-err>
</testsuite>
